{"C:\\Users\\josue\\OneDrive\\Escritorio\\notes-api\\index.js": {"path":"C:\\Users\\josue\\OneDrive\\Escritorio\\notes-api\\index.js","statementMap":{"0":{"start":{"line":1,"column":0},"end":{"line":1,"column":26}},"1":{"start":{"line":2,"column":0},"end":{"line":2,"column":18}},"2":{"start":{"line":4,"column":15},"end":{"line":4,"column":38}},"3":{"start":{"line":5,"column":16},"end":{"line":5,"column":42}},"4":{"start":{"line":7,"column":16},"end":{"line":7,"column":34}},"5":{"start":{"line":8,"column":12},"end":{"line":8,"column":21}},"6":{"start":{"line":9,"column":13},"end":{"line":9,"column":28}},"7":{"start":{"line":10,"column":17},"end":{"line":10,"column":50}},"8":{"start":{"line":11,"column":21},"end":{"line":11,"column":58}},"9":{"start":{"line":12,"column":50},"end":{"line":12,"column":87}},"10":{"start":{"line":14,"column":0},"end":{"line":14,"column":15}},"11":{"start":{"line":15,"column":0},"end":{"line":15,"column":23}},"12":{"start":{"line":17,"column":0},"end":{"line":30,"column":2}},"13":{"start":{"line":32,"column":0},"end":{"line":32,"column":41}},"14":{"start":{"line":34,"column":0},"end":{"line":34,"column":41}},"15":{"start":{"line":36,"column":0},"end":{"line":38,"column":2}},"16":{"start":{"line":37,"column":1},"end":{"line":37,"column":38}},"17":{"start":{"line":40,"column":0},"end":{"line":40,"column":34}},"18":{"start":{"line":41,"column":0},"end":{"line":41,"column":34}},"19":{"start":{"line":42,"column":0},"end":{"line":42,"column":34}},"20":{"start":{"line":44,"column":0},"end":{"line":44,"column":17}},"21":{"start":{"line":46,"column":0},"end":{"line":46,"column":39}},"22":{"start":{"line":48,"column":0},"end":{"line":48,"column":21}},"23":{"start":{"line":50,"column":13},"end":{"line":50,"column":29}},"24":{"start":{"line":52,"column":15},"end":{"line":54,"column":2}},"25":{"start":{"line":53,"column":1},"end":{"line":53,"column":46}},"26":{"start":{"line":56,"column":0},"end":{"line":59,"column":1}}},"fnMap":{"0":{"name":"(anonymous_0)","decl":{"start":{"line":36,"column":13},"end":{"line":36,"column":14}},"loc":{"start":{"line":36,"column":36},"end":{"line":38,"column":1}},"line":36},"1":{"name":"(anonymous_1)","decl":{"start":{"line":52,"column":32},"end":{"line":52,"column":33}},"loc":{"start":{"line":52,"column":38},"end":{"line":54,"column":1}},"line":52}},"branchMap":{},"s":{"0":1,"1":1,"2":1,"3":1,"4":1,"5":1,"6":1,"7":1,"8":1,"9":1,"10":1,"11":1,"12":1,"13":1,"14":1,"15":1,"16":0,"17":1,"18":1,"19":1,"20":1,"21":1,"22":1,"23":1,"24":1,"25":1,"26":1},"f":{"0":0,"1":1},"b":{},"_coverageSchema":"1a1c01bbd47fc00a2c39e90264f33305004495a9","hash":"4bbdd6ae820e977f703a2d5f8f1057973d32569b"}
,"C:\\Users\\josue\\OneDrive\\Escritorio\\notes-api\\mongo.js": {"path":"C:\\Users\\josue\\OneDrive\\Escritorio\\notes-api\\mongo.js","statementMap":{"0":{"start":{"line":1,"column":17},"end":{"line":1,"column":36}},"1":{"start":{"line":2,"column":26},"end":{"line":2,"column":34}},"2":{"start":{"line":4,"column":52},"end":{"line":4,"column":63}},"3":{"start":{"line":6,"column":25},"end":{"line":6,"column":77}},"4":{"start":{"line":9,"column":0},"end":{"line":13,"column":39}},"5":{"start":{"line":11,"column":8},"end":{"line":11,"column":44}},"6":{"start":{"line":13,"column":20},"end":{"line":13,"column":38}},"7":{"start":{"line":15,"column":0},"end":{"line":17,"column":2}},"8":{"start":{"line":16,"column":4},"end":{"line":16,"column":31}},"9":{"start":{"line":19,"column":0},"end":{"line":19,"column":25}}},"fnMap":{"0":{"name":"(anonymous_0)","decl":{"start":{"line":10,"column":10},"end":{"line":10,"column":11}},"loc":{"start":{"line":10,"column":16},"end":{"line":12,"column":5}},"line":10},"1":{"name":"(anonymous_1)","decl":{"start":{"line":13,"column":11},"end":{"line":13,"column":12}},"loc":{"start":{"line":13,"column":20},"end":{"line":13,"column":38}},"line":13},"2":{"name":"(anonymous_2)","decl":{"start":{"line":15,"column":32},"end":{"line":15,"column":33}},"loc":{"start":{"line":15,"column":38},"end":{"line":17,"column":1}},"line":15}},"branchMap":{"0":{"loc":{"start":{"line":6,"column":25},"end":{"line":6,"column":77}},"type":"cond-expr","locations":[{"start":{"line":6,"column":47},"end":{"line":6,"column":63}},{"start":{"line":6,"column":66},"end":{"line":6,"column":77}}],"line":6}},"s":{"0":1,"1":1,"2":1,"3":1,"4":1,"5":1,"6":0,"7":1,"8":0,"9":1},"f":{"0":1,"1":0,"2":0},"b":{"0":[1,0]},"_coverageSchema":"1a1c01bbd47fc00a2c39e90264f33305004495a9","hash":"7f8c3fde6233e06e3ee28e300f8795a0e460d072"}
,"C:\\Users\\josue\\OneDrive\\Escritorio\\notes-api\\controllers\\index.routes.js": {"path":"C:\\Users\\josue\\OneDrive\\Escritorio\\notes-api\\controllers\\index.routes.js","statementMap":{"0":{"start":{"line":1,"column":0},"end":{"line":5,"column":1}}},"fnMap":{},"branchMap":{},"s":{"0":1},"f":{},"b":{},"_coverageSchema":"1a1c01bbd47fc00a2c39e90264f33305004495a9","hash":"428552dc7b395ac8e24a68bce1d66c1ab72e25d4"}
,"C:\\Users\\josue\\OneDrive\\Escritorio\\notes-api\\controllers\\login.js": {"path":"C:\\Users\\josue\\OneDrive\\Escritorio\\notes-api\\controllers\\login.js","statementMap":{"0":{"start":{"line":1,"column":12},"end":{"line":1,"column":35}},"1":{"start":{"line":2,"column":15},"end":{"line":2,"column":32}},"2":{"start":{"line":3,"column":13},"end":{"line":3,"column":38}},"3":{"start":{"line":4,"column":20},"end":{"line":4,"column":47}},"4":{"start":{"line":6,"column":0},"end":{"line":35,"column":2}},"5":{"start":{"line":7,"column":21},"end":{"line":7,"column":28}},"6":{"start":{"line":8,"column":35},"end":{"line":8,"column":39}},"7":{"start":{"line":10,"column":17},"end":{"line":10,"column":49}},"8":{"start":{"line":11,"column":28},"end":{"line":13,"column":59}},"9":{"start":{"line":15,"column":4},"end":{"line":19,"column":5}},"10":{"start":{"line":16,"column":8},"end":{"line":18,"column":10}},"11":{"start":{"line":21,"column":25},"end":{"line":24,"column":5}},"12":{"start":{"line":26,"column":18},"end":{"line":28,"column":6}},"13":{"start":{"line":30,"column":4},"end":{"line":34,"column":6}},"14":{"start":{"line":37,"column":0},"end":{"line":37,"column":28}}},"fnMap":{"0":{"name":"(anonymous_0)","decl":{"start":{"line":6,"column":22},"end":{"line":6,"column":23}},"loc":{"start":{"line":6,"column":51},"end":{"line":35,"column":1}},"line":6}},"branchMap":{"0":{"loc":{"start":{"line":11,"column":28},"end":{"line":13,"column":59}},"type":"cond-expr","locations":[{"start":{"line":12,"column":10},"end":{"line":12,"column":15}},{"start":{"line":13,"column":10},"end":{"line":13,"column":59}}],"line":11},"1":{"loc":{"start":{"line":15,"column":4},"end":{"line":19,"column":5}},"type":"if","locations":[{"start":{"line":15,"column":4},"end":{"line":19,"column":5}},{"start":{},"end":{}}],"line":15},"2":{"loc":{"start":{"line":15,"column":8},"end":{"line":15,"column":33}},"type":"binary-expr","locations":[{"start":{"line":15,"column":8},"end":{"line":15,"column":13}},{"start":{"line":15,"column":17},"end":{"line":15,"column":33}}],"line":15}},"s":{"0":1,"1":1,"2":1,"3":1,"4":1,"5":0,"6":0,"7":0,"8":0,"9":0,"10":0,"11":0,"12":0,"13":0,"14":1},"f":{"0":0},"b":{"0":[0,0],"1":[0,0],"2":[0,0]},"_coverageSchema":"1a1c01bbd47fc00a2c39e90264f33305004495a9","hash":"9863fba58286371c3b4ff26721e637b30e166c39"}
,"C:\\Users\\josue\\OneDrive\\Escritorio\\notes-api\\controllers\\notes.js": {"path":"C:\\Users\\josue\\OneDrive\\Escritorio\\notes-api\\controllers\\notes.js","statementMap":{"0":{"start":{"line":1,"column":20},"end":{"line":1,"column":47}},"1":{"start":{"line":2,"column":13},"end":{"line":2,"column":38}},"2":{"start":{"line":3,"column":13},"end":{"line":3,"column":38}},"3":{"start":{"line":4,"column":22},"end":{"line":4,"column":61}},"4":{"start":{"line":7,"column":0},"end":{"line":12,"column":2}},"5":{"start":{"line":8,"column":15},"end":{"line":10,"column":3}},"6":{"start":{"line":11,"column":1},"end":{"line":11,"column":21}},"7":{"start":{"line":14,"column":0},"end":{"line":25,"column":2}},"8":{"start":{"line":15,"column":16},"end":{"line":15,"column":30}},"9":{"start":{"line":17,"column":1},"end":{"line":24,"column":28}},"10":{"start":{"line":19,"column":3},"end":{"line":23,"column":4}},"11":{"start":{"line":20,"column":4},"end":{"line":20,"column":36}},"12":{"start":{"line":22,"column":4},"end":{"line":22,"column":30}},"13":{"start":{"line":24,"column":18},"end":{"line":24,"column":27}},"14":{"start":{"line":27,"column":0},"end":{"line":58,"column":2}},"15":{"start":{"line":28,"column":14},"end":{"line":28,"column":26}},"16":{"start":{"line":30,"column":1},"end":{"line":34,"column":2}},"17":{"start":{"line":31,"column":2},"end":{"line":33,"column":4}},"18":{"start":{"line":36,"column":20},"end":{"line":36,"column":27}},"19":{"start":{"line":38,"column":14},"end":{"line":38,"column":41}},"20":{"start":{"line":40,"column":17},"end":{"line":45,"column":3}},"21":{"start":{"line":47,"column":1},"end":{"line":56,"column":2}},"22":{"start":{"line":48,"column":20},"end":{"line":48,"column":40}},"23":{"start":{"line":50,"column":2},"end":{"line":50,"column":47}},"24":{"start":{"line":51,"column":2},"end":{"line":51,"column":19}},"25":{"start":{"line":53,"column":5},"end":{"line":53,"column":29}},"26":{"start":{"line":55,"column":2},"end":{"line":55,"column":13}},"27":{"start":{"line":60,"column":0},"end":{"line":74,"column":2}},"28":{"start":{"line":61,"column":12},"end":{"line":61,"column":29}},"29":{"start":{"line":63,"column":14},"end":{"line":63,"column":26}},"30":{"start":{"line":65,"column":21},"end":{"line":68,"column":2}},"31":{"start":{"line":70,"column":1},"end":{"line":73,"column":27}},"32":{"start":{"line":72,"column":3},"end":{"line":72,"column":42}},"33":{"start":{"line":73,"column":17},"end":{"line":73,"column":26}},"34":{"start":{"line":76,"column":0},"end":{"line":82,"column":2}},"35":{"start":{"line":77,"column":16},"end":{"line":77,"column":30}},"36":{"start":{"line":79,"column":1},"end":{"line":79,"column":33}},"37":{"start":{"line":80,"column":1},"end":{"line":80,"column":27}},"38":{"start":{"line":84,"column":0},"end":{"line":84,"column":28}}},"fnMap":{"0":{"name":"(anonymous_0)","decl":{"start":{"line":7,"column":21},"end":{"line":7,"column":22}},"loc":{"start":{"line":7,"column":50},"end":{"line":12,"column":1}},"line":7},"1":{"name":"(anonymous_1)","decl":{"start":{"line":14,"column":24},"end":{"line":14,"column":25}},"loc":{"start":{"line":14,"column":53},"end":{"line":25,"column":1}},"line":14},"2":{"name":"(anonymous_2)","decl":{"start":{"line":18,"column":8},"end":{"line":18,"column":9}},"loc":{"start":{"line":18,"column":16},"end":{"line":24,"column":3}},"line":18},"3":{"name":"(anonymous_3)","decl":{"start":{"line":24,"column":11},"end":{"line":24,"column":12}},"loc":{"start":{"line":24,"column":18},"end":{"line":24,"column":27}},"line":24},"4":{"name":"(anonymous_4)","decl":{"start":{"line":27,"column":37},"end":{"line":27,"column":38}},"loc":{"start":{"line":27,"column":72},"end":{"line":58,"column":1}},"line":27},"5":{"name":"(anonymous_5)","decl":{"start":{"line":60,"column":39},"end":{"line":60,"column":40}},"loc":{"start":{"line":60,"column":68},"end":{"line":74,"column":1}},"line":60},"6":{"name":"(anonymous_6)","decl":{"start":{"line":71,"column":8},"end":{"line":71,"column":9}},"loc":{"start":{"line":71,"column":18},"end":{"line":73,"column":3}},"line":71},"7":{"name":"(anonymous_7)","decl":{"start":{"line":73,"column":11},"end":{"line":73,"column":12}},"loc":{"start":{"line":73,"column":17},"end":{"line":73,"column":26}},"line":73},"8":{"name":"(anonymous_8)","decl":{"start":{"line":76,"column":42},"end":{"line":76,"column":43}},"loc":{"start":{"line":76,"column":77},"end":{"line":82,"column":1}},"line":76}},"branchMap":{"0":{"loc":{"start":{"line":19,"column":3},"end":{"line":23,"column":4}},"type":"if","locations":[{"start":{"line":19,"column":3},"end":{"line":23,"column":4}},{"start":{"line":21,"column":10},"end":{"line":23,"column":4}}],"line":19},"1":{"loc":{"start":{"line":30,"column":1},"end":{"line":34,"column":2}},"type":"if","locations":[{"start":{"line":30,"column":1},"end":{"line":34,"column":2}},{"start":{},"end":{}}],"line":30},"2":{"loc":{"start":{"line":30,"column":5},"end":{"line":30,"column":27}},"type":"binary-expr","locations":[{"start":{"line":30,"column":5},"end":{"line":30,"column":10}},{"start":{"line":30,"column":14},"end":{"line":30,"column":27}}],"line":30},"3":{"loc":{"start":{"line":42,"column":13},"end":{"line":42,"column":75}},"type":"cond-expr","locations":[{"start":{"line":42,"column":53},"end":{"line":42,"column":67}},{"start":{"line":42,"column":70},"end":{"line":42,"column":75}}],"line":42}},"s":{"0":1,"1":1,"2":1,"3":1,"4":1,"5":0,"6":0,"7":1,"8":0,"9":0,"10":0,"11":0,"12":0,"13":0,"14":1,"15":0,"16":0,"17":0,"18":0,"19":0,"20":0,"21":0,"22":0,"23":0,"24":0,"25":0,"26":0,"27":1,"28":0,"29":0,"30":0,"31":0,"32":0,"33":0,"34":1,"35":0,"36":0,"37":0,"38":1},"f":{"0":0,"1":0,"2":0,"3":0,"4":0,"5":0,"6":0,"7":0,"8":0},"b":{"0":[0,0],"1":[0,0],"2":[0,0],"3":[0,0]},"_coverageSchema":"1a1c01bbd47fc00a2c39e90264f33305004495a9","hash":"437377423adc6221a680167ced172de569b318a4"}
,"C:\\Users\\josue\\OneDrive\\Escritorio\\notes-api\\controllers\\users.js": {"path":"C:\\Users\\josue\\OneDrive\\Escritorio\\notes-api\\controllers\\users.js","statementMap":{"0":{"start":{"line":1,"column":15},"end":{"line":1,"column":32}},"1":{"start":{"line":2,"column":20},"end":{"line":2,"column":47}},"2":{"start":{"line":3,"column":13},"end":{"line":3,"column":38}},"3":{"start":{"line":5,"column":0},"end":{"line":11,"column":2}},"4":{"start":{"line":6,"column":18},"end":{"line":9,"column":6}},"5":{"start":{"line":10,"column":4},"end":{"line":10,"column":24}},"6":{"start":{"line":13,"column":0},"end":{"line":37,"column":2}},"7":{"start":{"line":15,"column":4},"end":{"line":35,"column":5}},"8":{"start":{"line":16,"column":25},"end":{"line":16,"column":32}},"9":{"start":{"line":17,"column":45},"end":{"line":17,"column":49}},"10":{"start":{"line":19,"column":27},"end":{"line":19,"column":29}},"11":{"start":{"line":20,"column":29},"end":{"line":20,"column":68}},"12":{"start":{"line":22,"column":21},"end":{"line":26,"column":10}},"13":{"start":{"line":28,"column":26},"end":{"line":28,"column":43}},"14":{"start":{"line":30,"column":8},"end":{"line":30,"column":44}},"15":{"start":{"line":32,"column":8},"end":{"line":34,"column":10}},"16":{"start":{"line":39,"column":0},"end":{"line":39,"column":28}}},"fnMap":{"0":{"name":"(anonymous_0)","decl":{"start":{"line":5,"column":21},"end":{"line":5,"column":22}},"loc":{"start":{"line":5,"column":50},"end":{"line":11,"column":1}},"line":5},"1":{"name":"(anonymous_1)","decl":{"start":{"line":13,"column":22},"end":{"line":13,"column":23}},"loc":{"start":{"line":13,"column":51},"end":{"line":37,"column":1}},"line":13}},"branchMap":{},"s":{"0":1,"1":1,"2":1,"3":1,"4":0,"5":0,"6":1,"7":2,"8":2,"9":2,"10":2,"11":2,"12":2,"13":2,"14":1,"15":1,"16":1},"f":{"0":0,"1":2},"b":{},"_coverageSchema":"1a1c01bbd47fc00a2c39e90264f33305004495a9","hash":"f52f6f0ef44bde59eaf5bc1c0ff63b1b93a0345a"}
,"C:\\Users\\josue\\OneDrive\\Escritorio\\notes-api\\middlewares\\handleErrors.js": {"path":"C:\\Users\\josue\\OneDrive\\Escritorio\\notes-api\\middlewares\\handleErrors.js","statementMap":{"0":{"start":{"line":1,"column":23},"end":{"line":7,"column":1}},"1":{"start":{"line":2,"column":26},"end":{"line":2,"column":86}},"2":{"start":{"line":3,"column":39},"end":{"line":3,"column":90}},"3":{"start":{"line":4,"column":34},"end":{"line":4,"column":98}},"4":{"start":{"line":5,"column":34},"end":{"line":5,"column":87}},"5":{"start":{"line":6,"column":27},"end":{"line":6,"column":53}},"6":{"start":{"line":9,"column":0},"end":{"line":14,"column":1}},"7":{"start":{"line":10,"column":1},"end":{"line":10,"column":26}},"8":{"start":{"line":11,"column":1},"end":{"line":11,"column":19}},"9":{"start":{"line":12,"column":17},"end":{"line":12,"column":74}},"10":{"start":{"line":13,"column":1},"end":{"line":13,"column":25}}},"fnMap":{"0":{"name":"(anonymous_0)","decl":{"start":{"line":2,"column":12},"end":{"line":2,"column":13}},"loc":{"start":{"line":2,"column":26},"end":{"line":2,"column":86}},"line":2},"1":{"name":"(anonymous_1)","decl":{"start":{"line":3,"column":18},"end":{"line":3,"column":19}},"loc":{"start":{"line":3,"column":39},"end":{"line":3,"column":90}},"line":3},"2":{"name":"(anonymous_2)","decl":{"start":{"line":4,"column":20},"end":{"line":4,"column":21}},"loc":{"start":{"line":4,"column":34},"end":{"line":4,"column":98}},"line":4},"3":{"name":"(anonymous_3)","decl":{"start":{"line":5,"column":20},"end":{"line":5,"column":21}},"loc":{"start":{"line":5,"column":34},"end":{"line":5,"column":87}},"line":5},"4":{"name":"(anonymous_4)","decl":{"start":{"line":6,"column":15},"end":{"line":6,"column":16}},"loc":{"start":{"line":6,"column":27},"end":{"line":6,"column":53}},"line":6},"5":{"name":"(anonymous_5)","decl":{"start":{"line":9,"column":17},"end":{"line":9,"column":18}},"loc":{"start":{"line":9,"column":53},"end":{"line":14,"column":1}},"line":9}},"branchMap":{"0":{"loc":{"start":{"line":12,"column":17},"end":{"line":12,"column":74}},"type":"binary-expr","locations":[{"start":{"line":12,"column":17},"end":{"line":12,"column":43}},{"start":{"line":12,"column":47},"end":{"line":12,"column":74}}],"line":12}},"s":{"0":1,"1":0,"2":0,"3":0,"4":0,"5":0,"6":1,"7":0,"8":0,"9":0,"10":0},"f":{"0":0,"1":0,"2":0,"3":0,"4":0,"5":0},"b":{"0":[0,0]},"_coverageSchema":"1a1c01bbd47fc00a2c39e90264f33305004495a9","hash":"4671305eafa3952bd2033a39dd6effc96923cf95"}
,"C:\\Users\\josue\\OneDrive\\Escritorio\\notes-api\\middlewares\\notFound.js": {"path":"C:\\Users\\josue\\OneDrive\\Escritorio\\notes-api\\middlewares\\notFound.js","statementMap":{"0":{"start":{"line":1,"column":0},"end":{"line":3,"column":1}},"1":{"start":{"line":2,"column":4},"end":{"line":2,"column":30}}},"fnMap":{"0":{"name":"(anonymous_0)","decl":{"start":{"line":1,"column":17},"end":{"line":1,"column":18}},"loc":{"start":{"line":1,"column":46},"end":{"line":3,"column":1}},"line":1}},"branchMap":{},"s":{"0":1,"1":0},"f":{"0":0},"b":{},"_coverageSchema":"1a1c01bbd47fc00a2c39e90264f33305004495a9","hash":"200283a005bbd9e3706f6f634e4c6dd02c478361"}
,"C:\\Users\\josue\\OneDrive\\Escritorio\\notes-api\\middlewares\\userExtractor.js": {"path":"C:\\Users\\josue\\OneDrive\\Escritorio\\notes-api\\middlewares\\userExtractor.js","statementMap":{"0":{"start":{"line":1,"column":12},"end":{"line":1,"column":35}},"1":{"start":{"line":3,"column":0},"end":{"line":23,"column":1}},"2":{"start":{"line":4,"column":26},"end":{"line":4,"column":54}},"3":{"start":{"line":5,"column":13},"end":{"line":5,"column":15}},"4":{"start":{"line":7,"column":1},"end":{"line":9,"column":2}},"5":{"start":{"line":8,"column":2},"end":{"line":8,"column":36}},"6":{"start":{"line":11,"column":22},"end":{"line":11,"column":59}},"7":{"start":{"line":13,"column":1},"end":{"line":17,"column":2}},"8":{"start":{"line":14,"column":2},"end":{"line":16,"column":4}},"9":{"start":{"line":19,"column":24},"end":{"line":19,"column":36}},"10":{"start":{"line":20,"column":4},"end":{"line":20,"column":27}},"11":{"start":{"line":22,"column":4},"end":{"line":22,"column":10}}},"fnMap":{"0":{"name":"(anonymous_0)","decl":{"start":{"line":3,"column":17},"end":{"line":3,"column":18}},"loc":{"start":{"line":3,"column":46},"end":{"line":23,"column":1}},"line":3}},"branchMap":{"0":{"loc":{"start":{"line":7,"column":1},"end":{"line":9,"column":2}},"type":"if","locations":[{"start":{"line":7,"column":1},"end":{"line":9,"column":2}},{"start":{},"end":{}}],"line":7},"1":{"loc":{"start":{"line":7,"column":5},"end":{"line":7,"column":76}},"type":"binary-expr","locations":[{"start":{"line":7,"column":5},"end":{"line":7,"column":18}},{"start":{"line":7,"column":22},"end":{"line":7,"column":76}}],"line":7},"2":{"loc":{"start":{"line":13,"column":1},"end":{"line":17,"column":2}},"type":"if","locations":[{"start":{"line":13,"column":1},"end":{"line":17,"column":2}},{"start":{},"end":{}}],"line":13},"3":{"loc":{"start":{"line":13,"column":5},"end":{"line":13,"column":31}},"type":"binary-expr","locations":[{"start":{"line":13,"column":5},"end":{"line":13,"column":11}},{"start":{"line":13,"column":15},"end":{"line":13,"column":31}}],"line":13}},"s":{"0":1,"1":1,"2":0,"3":0,"4":0,"5":0,"6":0,"7":0,"8":0,"9":0,"10":0,"11":0},"f":{"0":0},"b":{"0":[0,0],"1":[0,0],"2":[0,0],"3":[0,0]},"_coverageSchema":"1a1c01bbd47fc00a2c39e90264f33305004495a9","hash":"23b3548226f36457569ed01f7329e1a32e64727f"}
,"C:\\Users\\josue\\OneDrive\\Escritorio\\notes-api\\models\\Note.js": {"path":"C:\\Users\\josue\\OneDrive\\Escritorio\\notes-api\\models\\Note.js","statementMap":{"0":{"start":{"line":1,"column":26},"end":{"line":1,"column":45}},"1":{"start":{"line":3,"column":19},"end":{"line":11,"column":2}},"2":{"start":{"line":13,"column":0},"end":{"line":19,"column":2}},"3":{"start":{"line":15,"column":8},"end":{"line":15,"column":46}},"4":{"start":{"line":16,"column":8},"end":{"line":16,"column":33}},"5":{"start":{"line":17,"column":8},"end":{"line":17,"column":33}},"6":{"start":{"line":21,"column":13},"end":{"line":21,"column":38}},"7":{"start":{"line":23,"column":0},"end":{"line":23,"column":21}}},"fnMap":{"0":{"name":"(anonymous_0)","decl":{"start":{"line":14,"column":15},"end":{"line":14,"column":16}},"loc":{"start":{"line":14,"column":45},"end":{"line":18,"column":5}},"line":14}},"branchMap":{},"s":{"0":1,"1":1,"2":1,"3":0,"4":0,"5":0,"6":1,"7":1},"f":{"0":0},"b":{},"_coverageSchema":"1a1c01bbd47fc00a2c39e90264f33305004495a9","hash":"bc114662a29f11f0d9783718f0915d1f5d321c60"}
,"C:\\Users\\josue\\OneDrive\\Escritorio\\notes-api\\models\\User.js": {"path":"C:\\Users\\josue\\OneDrive\\Escritorio\\notes-api\\models\\User.js","statementMap":{"0":{"start":{"line":1,"column":24},"end":{"line":1,"column":60}},"1":{"start":{"line":2,"column":26},"end":{"line":2,"column":45}},"2":{"start":{"line":4,"column":19},"end":{"line":15,"column":2}},"3":{"start":{"line":17,"column":0},"end":{"line":17,"column":34}},"4":{"start":{"line":19,"column":0},"end":{"line":27,"column":2}},"5":{"start":{"line":21,"column":8},"end":{"line":21,"column":46}},"6":{"start":{"line":22,"column":8},"end":{"line":22,"column":33}},"7":{"start":{"line":23,"column":8},"end":{"line":23,"column":33}},"8":{"start":{"line":25,"column":8},"end":{"line":25,"column":42}},"9":{"start":{"line":29,"column":13},"end":{"line":29,"column":38}},"10":{"start":{"line":31,"column":0},"end":{"line":31,"column":21}}},"fnMap":{"0":{"name":"(anonymous_0)","decl":{"start":{"line":20,"column":15},"end":{"line":20,"column":16}},"loc":{"start":{"line":20,"column":45},"end":{"line":26,"column":5}},"line":20}},"branchMap":{},"s":{"0":1,"1":1,"2":1,"3":1,"4":1,"5":5,"6":5,"7":5,"8":5,"9":1,"10":1},"f":{"0":5},"b":{},"_coverageSchema":"1a1c01bbd47fc00a2c39e90264f33305004495a9","hash":"d56069cf02dbf5d7ab307de81f6451fbe1a8dc6e"}
,"C:\\Users\\josue\\OneDrive\\Escritorio\\notes-api\\tests\\helpers.js": {"path":"C:\\Users\\josue\\OneDrive\\Escritorio\\notes-api\\tests\\helpers.js","statementMap":{"0":{"start":{"line":1,"column":18},"end":{"line":1,"column":38}},"1":{"start":{"line":2,"column":16},"end":{"line":2,"column":35}},"2":{"start":{"line":3,"column":13},"end":{"line":3,"column":38}},"3":{"start":{"line":5,"column":12},"end":{"line":5,"column":26}},"4":{"start":{"line":7,"column":21},"end":{"line":23,"column":1}},"5":{"start":{"line":25,"column":31},"end":{"line":31,"column":1}},"6":{"start":{"line":26,"column":21},"end":{"line":26,"column":48}},"7":{"start":{"line":27,"column":4},"end":{"line":30,"column":5}},"8":{"start":{"line":28,"column":44},"end":{"line":28,"column":56}},"9":{"start":{"line":33,"column":17},"end":{"line":36,"column":1}},"10":{"start":{"line":34,"column":20},"end":{"line":34,"column":39}},"11":{"start":{"line":35,"column":4},"end":{"line":35,"column":45}},"12":{"start":{"line":35,"column":31},"end":{"line":35,"column":44}},"13":{"start":{"line":38,"column":0},"end":{"line":43,"column":1}}},"fnMap":{"0":{"name":"(anonymous_0)","decl":{"start":{"line":25,"column":31},"end":{"line":25,"column":32}},"loc":{"start":{"line":25,"column":43},"end":{"line":31,"column":1}},"line":25},"1":{"name":"(anonymous_1)","decl":{"start":{"line":28,"column":36},"end":{"line":28,"column":37}},"loc":{"start":{"line":28,"column":44},"end":{"line":28,"column":56}},"line":28},"2":{"name":"(anonymous_2)","decl":{"start":{"line":33,"column":17},"end":{"line":33,"column":18}},"loc":{"start":{"line":33,"column":29},"end":{"line":36,"column":1}},"line":33},"3":{"name":"(anonymous_3)","decl":{"start":{"line":35,"column":23},"end":{"line":35,"column":24}},"loc":{"start":{"line":35,"column":31},"end":{"line":35,"column":44}},"line":35}},"branchMap":{},"s":{"0":1,"1":1,"2":1,"3":1,"4":1,"5":1,"6":0,"7":0,"8":0,"9":1,"10":3,"11":3,"12":4,"13":1},"f":{"0":0,"1":0,"2":3,"3":4},"b":{},"_coverageSchema":"1a1c01bbd47fc00a2c39e90264f33305004495a9","hash":"74e6321731ee9e987d78e7b7170586229cc22f30"}
}
